#
# There is insufficient memory for the Java Runtime Environment to continue.
# Cannot create GC thread. Out of system resources.
# Possible reasons:
#   The system is out of physical RAM or swap space
#   In 32 bit mode, the process size limit was hit
# Possible solutions:
#   Reduce memory load on the system
#   Increase physical memory or swap space
#   Check if swap backing store is full
#   Use 64 bit Java on a 64 bit OS
#   Decrease Java heap size (-Xmx/-Xms)
#   Decrease number of Java threads
#   Decrease Java thread stack sizes (-Xss)
#   Set larger code cache with -XX:ReservedCodeCacheSize=
# This output file may be truncated or incomplete.
#
#  Out of Memory Error (gcTaskThread.cpp:48), pid=24596, tid=0x00007ff257dcf700
#
# JRE version:  (8.0_111-b14) (build )
# Java VM: Java HotSpot(TM) 64-Bit Server VM (25.111-b14 mixed mode linux-amd64 compressed oops)
# Failed to write core dump. Core dumps have been disabled. To enable core dumping, try "ulimit -c unlimited" before starting Java again
#

---------------  T H R E A D  ---------------

Current thread (0x00007ff250009800):  JavaThread "Unknown thread" [_thread_in_vm, id=24598, stack(0x00007ff257ccf000,0x00007ff257dd0000)]

Stack: [0x00007ff257ccf000,0x00007ff257dd0000],  sp=0x00007ff257dce5f0,  free space=1021k
Native frames: (J=compiled Java code, j=interpreted, Vv=VM code, C=native code)
V  [libjvm.so+0xac5c2a]  VMError::report_and_die()+0x2ba
V  [libjvm.so+0x4fc50b]  report_vm_out_of_memory(char const*, int, unsigned long, VMErrorType, char const*)+0x8b
V  [libjvm.so+0x5d6e8f]  GCTaskThread::GCTaskThread(GCTaskManager*, unsigned int, unsigned int)+0x15f
V  [libjvm.so+0x5d5c4b]  GCTaskManager::initialize()+0x3ab
V  [libjvm.so+0x94600d]  ParallelScavengeHeap::initialize()+0x34d
V  [libjvm.so+0xa8dd53]  Universe::initialize_heap()+0xf3
V  [libjvm.so+0xa8e2be]  universe_init()+0x3e
V  [libjvm.so+0x63c925]  init_globals()+0x65
V  [libjvm.so+0xa719be]  Threads::create_vm(JavaVMInitArgs*, bool*)+0x23e
V  [libjvm.so+0x6d11c4]  JNI_CreateJavaVM+0x74
C  [libjli.so+0x745e]  JavaMain+0x9e
C  [libpthread.so.0+0x770a]  start_thread+0xca


---------------  P R O C E S S  ---------------

Java Threads: ( => current thread )

Other Threads:

=>0x00007ff250009800 (exited) JavaThread "Unknown thread" [_thread_in_vm, id=24598, stack(0x00007ff257ccf000,0x00007ff257dd0000)]

VM state:not at safepoint (not fully initialized)

VM Mutex/Monitor currently owned by a thread: None

GC Heap History (0 events):
No events

Deoptimization events (0 events):
No events

Internal exceptions (0 events):
No events

Events (0 events):
No events


Dynamic libraries:
00400000-00401000 r-xp 00000000 08:06 2757220                            /home/gustavob/Documents/jdk1.8.0_111/bin/java
00600000-00601000 rw-p 00000000 08:06 2757220                            /home/gustavob/Documents/jdk1.8.0_111/bin/java
01dd5000-01df6000 rw-p 00000000 00:00 0                                  [heap]
84800000-89b00000 rw-p 00000000 00:00 0 
89b00000-d6d80000 ---p 00000000 00:00 0 
d6d80000-d9680000 rw-p 00000000 00:00 0 
d9680000-100000000 ---p 00000000 00:00 0 
7ff241000000-7ff241270000 rwxp 00000000 00:00 0 
7ff241270000-7ff250000000 ---p 00000000 00:00 0 
7ff250000000-7ff250039000 rw-p 00000000 00:00 0 
7ff250039000-7ff254000000 ---p 00000000 00:00 0 
7ff254081000-7ff254308000 rw-p 00000000 00:00 0 
7ff254308000-7ff254309000 ---p 00000000 00:00 0 
7ff254309000-7ff254433000 rw-p 00000000 00:00 0 
7ff254433000-7ff25469c000 ---p 00000000 00:00 0 
7ff25469c000-7ff2546c6000 rw-p 00000000 00:00 0 
7ff2546c6000-7ff25492e000 ---p 00000000 00:00 0 
7ff25492e000-7ff254944000 rw-p 00000000 00:00 0 
7ff254944000-7ff254a78000 ---p 00000000 00:00 0 
7ff254a78000-7ff254a83000 rw-p 00000000 00:00 0 
7ff254a83000-7ff254e39000 ---p 00000000 00:00 0 
7ff254e39000-7ff254e53000 r-xp 00000000 08:06 2757325                    /home/gustavob/Documents/jdk1.8.0_111/jre/lib/amd64/libzip.so
7ff254e53000-7ff255053000 ---p 0001a000 08:06 2757325                    /home/gustavob/Documents/jdk1.8.0_111/jre/lib/amd64/libzip.so
7ff255053000-7ff255054000 rw-p 0001a000 08:06 2757325                    /home/gustavob/Documents/jdk1.8.0_111/jre/lib/amd64/libzip.so
7ff255054000-7ff25505f000 r-xp 00000000 08:06 269622                     /lib/x86_64-linux-gnu/libnss_files-2.23.so
7ff25505f000-7ff25525e000 ---p 0000b000 08:06 269622                     /lib/x86_64-linux-gnu/libnss_files-2.23.so
7ff25525e000-7ff25525f000 r--p 0000a000 08:06 269622                     /lib/x86_64-linux-gnu/libnss_files-2.23.so
7ff25525f000-7ff255260000 rw-p 0000b000 08:06 269622                     /lib/x86_64-linux-gnu/libnss_files-2.23.so
7ff255260000-7ff255266000 rw-p 00000000 00:00 0 
7ff255266000-7ff255271000 r-xp 00000000 08:06 266718                     /lib/x86_64-linux-gnu/libnss_nis-2.23.so
7ff255271000-7ff255470000 ---p 0000b000 08:06 266718                     /lib/x86_64-linux-gnu/libnss_nis-2.23.so
7ff255470000-7ff255471000 r--p 0000a000 08:06 266718                     /lib/x86_64-linux-gnu/libnss_nis-2.23.so
7ff255471000-7ff255472000 rw-p 0000b000 08:06 266718                     /lib/x86_64-linux-gnu/libnss_nis-2.23.so
7ff255472000-7ff255488000 r-xp 00000000 08:06 262364                     /lib/x86_64-linux-gnu/libnsl-2.23.so
7ff255488000-7ff255687000 ---p 00016000 08:06 262364                     /lib/x86_64-linux-gnu/libnsl-2.23.so
7ff255687000-7ff255688000 r--p 00015000 08:06 262364                     /lib/x86_64-linux-gnu/libnsl-2.23.so
7ff255688000-7ff255689000 rw-p 00016000 08:06 262364                     /lib/x86_64-linux-gnu/libnsl-2.23.so
7ff255689000-7ff25568b000 rw-p 00000000 00:00 0 
7ff25568b000-7ff255693000 r-xp 00000000 08:06 262236                     /lib/x86_64-linux-gnu/libnss_compat-2.23.so
7ff255693000-7ff255892000 ---p 00008000 08:06 262236                     /lib/x86_64-linux-gnu/libnss_compat-2.23.so
7ff255892000-7ff255893000 r--p 00007000 08:06 262236                     /lib/x86_64-linux-gnu/libnss_compat-2.23.so
7ff255893000-7ff255894000 rw-p 00008000 08:06 262236                     /lib/x86_64-linux-gnu/libnss_compat-2.23.so
7ff255894000-7ff2558bf000 r-xp 00000000 08:06 2757352                    /home/gustavob/Documents/jdk1.8.0_111/jre/lib/amd64/libjava.so
7ff2558bf000-7ff255abe000 ---p 0002b000 08:06 2757352                    /home/gustavob/Documents/jdk1.8.0_111/jre/lib/amd64/libjava.so
7ff255abe000-7ff255ac0000 rw-p 0002a000 08:06 2757352                    /home/gustavob/Documents/jdk1.8.0_111/jre/lib/amd64/libjava.so
7ff255ac0000-7ff255acd000 r-xp 00000000 08:06 2757303                    /home/gustavob/Documents/jdk1.8.0_111/jre/lib/amd64/libverify.so
7ff255acd000-7ff255ccc000 ---p 0000d000 08:06 2757303                    /home/gustavob/Documents/jdk1.8.0_111/jre/lib/amd64/libverify.so
7ff255ccc000-7ff255cce000 rw-p 0000c000 08:06 2757303                    /home/gustavob/Documents/jdk1.8.0_111/jre/lib/amd64/libverify.so
7ff255cce000-7ff255cd5000 r-xp 00000000 08:06 269631                     /lib/x86_64-linux-gnu/librt-2.23.so
7ff255cd5000-7ff255ed4000 ---p 00007000 08:06 269631                     /lib/x86_64-linux-gnu/librt-2.23.so
7ff255ed4000-7ff255ed5000 r--p 00006000 08:06 269631                     /lib/x86_64-linux-gnu/librt-2.23.so
7ff255ed5000-7ff255ed6000 rw-p 00007000 08:06 269631                     /lib/x86_64-linux-gnu/librt-2.23.so
7ff255ed6000-7ff255fde000 r-xp 00000000 08:06 269628                     /lib/x86_64-linux-gnu/libm-2.23.so
7ff255fde000-7ff2561dd000 ---p 00108000 08:06 269628                     /lib/x86_64-linux-gnu/libm-2.23.so
7ff2561dd000-7ff2561de000 r--p 00107000 08:06 269628                     /lib/x86_64-linux-gnu/libm-2.23.so
7ff2561de000-7ff2561df000 rw-p 00108000 08:06 269628                     /lib/x86_64-linux-gnu/libm-2.23.so
7ff2561df000-7ff256eac000 r-xp 00000000 08:06 2757356                    /home/gustavob/Documents/jdk1.8.0_111/jre/lib/amd64/server/libjvm.so
7ff256eac000-7ff2570ab000 ---p 00ccd000 08:06 2757356                    /home/gustavob/Documents/jdk1.8.0_111/jre/lib/amd64/server/libjvm.so
7ff2570ab000-7ff257184000 rw-p 00ccc000 08:06 2757356                    /home/gustavob/Documents/jdk1.8.0_111/jre/lib/amd64/server/libjvm.so
7ff257184000-7ff2571cf000 rw-p 00000000 00:00 0 
7ff2571cf000-7ff25738e000 r-xp 00000000 08:06 269636                     /lib/x86_64-linux-gnu/libc-2.23.so
7ff25738e000-7ff25758e000 ---p 001bf000 08:06 269636                     /lib/x86_64-linux-gnu/libc-2.23.so
7ff25758e000-7ff257592000 r--p 001bf000 08:06 269636                     /lib/x86_64-linux-gnu/libc-2.23.so
7ff257592000-7ff257594000 rw-p 001c3000 08:06 269636                     /lib/x86_64-linux-gnu/libc-2.23.so
7ff257594000-7ff257598000 rw-p 00000000 00:00 0 
7ff257598000-7ff25759b000 r-xp 00000000 08:06 269637                     /lib/x86_64-linux-gnu/libdl-2.23.so
7ff25759b000-7ff25779a000 ---p 00003000 08:06 269637                     /lib/x86_64-linux-gnu/libdl-2.23.so
7ff25779a000-7ff25779b000 r--p 00002000 08:06 269637                     /lib/x86_64-linux-gnu/libdl-2.23.so
7ff25779b000-7ff25779c000 rw-p 00003000 08:06 269637                     /lib/x86_64-linux-gnu/libdl-2.23.so
7ff25779c000-7ff2577b1000 r-xp 00000000 08:06 2756497                    /home/gustavob/Documents/jdk1.8.0_111/lib/amd64/jli/libjli.so
7ff2577b1000-7ff2579b1000 ---p 00015000 08:06 2756497                    /home/gustavob/Documents/jdk1.8.0_111/lib/amd64/jli/libjli.so
7ff2579b1000-7ff2579b2000 rw-p 00015000 08:06 2756497                    /home/gustavob/Documents/jdk1.8.0_111/lib/amd64/jli/libjli.so
7ff2579b2000-7ff2579ca000 r-xp 00000000 08:06 269635                     /lib/x86_64-linux-gnu/libpthread-2.23.so
7ff2579ca000-7ff257bc9000 ---p 00018000 08:06 269635                     /lib/x86_64-linux-gnu/libpthread-2.23.so
7ff257bc9000-7ff257bca000 r--p 00017000 08:06 269635                     /lib/x86_64-linux-gnu/libpthread-2.23.so
7ff257bca000-7ff257bcb000 rw-p 00018000 08:06 269635                     /lib/x86_64-linux-gnu/libpthread-2.23.so
7ff257bcb000-7ff257bcf000 rw-p 00000000 00:00 0 
7ff257bcf000-7ff257bf5000 r-xp 00000000 08:06 269632                     /lib/x86_64-linux-gnu/ld-2.23.so
7ff257ccf000-7ff257cd2000 ---p 00000000 00:00 0 
7ff257cd2000-7ff257dd4000 rw-p 00000000 00:00 0 
7ff257de8000-7ff257df0000 rw-s 00000000 08:06 6953692                    /tmp/hsperfdata_gustavob/24596
7ff257df0000-7ff257df1000 rw-p 00000000 00:00 0 
7ff257df1000-7ff257df2000 r--p 00000000 00:00 0 
7ff257df2000-7ff257df4000 rw-p 00000000 00:00 0 
7ff257df4000-7ff257df5000 r--p 00025000 08:06 269632                     /lib/x86_64-linux-gnu/ld-2.23.so
7ff257df5000-7ff257df6000 rw-p 00026000 08:06 269632                     /lib/x86_64-linux-gnu/ld-2.23.so
7ff257df6000-7ff257df7000 rw-p 00000000 00:00 0 
7ffcde746000-7ffcde767000 rw-p 00000000 00:00 0                          [stack]
7ffcde772000-7ffcde774000 r--p 00000000 00:00 0                          [vvar]
7ffcde774000-7ffcde776000 r-xp 00000000 00:00 0                          [vdso]
ffffffffff600000-ffffffffff601000 r-xp 00000000 00:00 0                  [vsyscall]

VM Arguments:
java_command: <unknown>
java_class_path (initial): .
Launcher Type: SUN_STANDARD

Environment Variables:
PATH=/home/gustavob/bin:/home/gustavob/.local/bin:/usr/local/sbin:/usr/local/bin:/usr/sbin:/usr/bin:/sbin:/bin:/usr/games:/usr/local/games:/snap/bin
LD_LIBRARY_PATH=/home/gustavob/Documents/jdk1.8.0_111/jre/lib/amd64:/home/gustavob/Documents/jdk1.8.0_111/jre/lib/i386:
SHELL=/bin/bash
DISPLAY=:0

Signal Handlers:
SIGSEGV: [libjvm.so+0xac64b0], sa_mask[0]=11111111011111111101111111111110, sa_flags=SA_RESTART|SA_SIGINFO
SIGBUS: [libjvm.so+0xac64b0], sa_mask[0]=11111111011111111101111111111110, sa_flags=SA_RESTART|SA_SIGINFO
SIGFPE: [libjvm.so+0x91f950], sa_mask[0]=11111111011111111101111111111110, sa_flags=SA_RESTART|SA_SIGINFO
SIGPIPE: [libjvm.so+0x91f950], sa_mask[0]=11111111011111111101111111111110, sa_flags=SA_RESTART|SA_SIGINFO
SIGXFSZ: [libjvm.so+0x91f950], sa_mask[0]=11111111011111111101111111111110, sa_flags=SA_RESTART|SA_SIGINFO
SIGILL: [libjvm.so+0x91f950], sa_mask[0]=11111111011111111101111111111110, sa_flags=SA_RESTART|SA_SIGINFO
SIGUSR1: SIG_DFL, sa_mask[0]=00000000000000000000000000000000, sa_flags=none
SIGUSR2: [libjvm.so+0x920f80], sa_mask[0]=00100000000000000000000000000000, sa_flags=SA_RESTART|SA_SIGINFO
SIGHUP: SIG_DFL, sa_mask[0]=00000000000000000000000000000000, sa_flags=none
SIGINT: SIG_IGN, sa_mask[0]=00000000000000000000000000000000, sa_flags=none
SIGTERM: SIG_DFL, sa_mask[0]=00000000000000000000000000000000, sa_flags=none
SIGQUIT: SIG_DFL, sa_mask[0]=00000000000000000000000000000000, sa_flags=none


---------------  S Y S T E M  ---------------

OS:DISTRIB_ID=Ubuntu
DISTRIB_RELEASE=16.04
DISTRIB_CODENAME=xenial
DISTRIB_DESCRIPTION="Ubuntu 16.04.1 LTS"

uname:Linux 4.4.0-47-generic #68-Ubuntu SMP Wed Oct 26 19:39:52 UTC 2016 x86_64
libc:glibc 2.23 NPTL 2.23 
rlimit: STACK 8192k, CORE 0k, NPROC 30720, NOFILE 65536, AS infinity
load average:0.52 0.88 0.80

/proc/meminfo:
MemTotal:        8089452 kB
MemFree:         1164576 kB
MemAvailable:    3107080 kB
Buffers:          301376 kB
Cached:          1827204 kB
SwapCached:            0 kB
Active:          5147692 kB
Inactive:        1129896 kB
Active(anon):    4153380 kB
Inactive(anon):    57956 kB
Active(file):     994312 kB
Inactive(file):  1071940 kB
Unevictable:          32 kB
Mlocked:              32 kB
SwapTotal:       8302588 kB
SwapFree:        8302588 kB
Dirty:              3248 kB
Writeback:             0 kB
AnonPages:       4148984 kB
Mapped:           411096 kB
Shmem:             62332 kB
Slab:             272736 kB
SReclaimable:     181188 kB
SUnreclaim:        91548 kB
KernelStack:      200256 kB
PageTables:        66304 kB
NFS_Unstable:          0 kB
Bounce:                0 kB
WritebackTmp:          0 kB
CommitLimit:    12347312 kB
Committed_AS:   20250032 kB
VmallocTotal:   34359738367 kB
VmallocUsed:           0 kB
VmallocChunk:          0 kB
HardwareCorrupted:     0 kB
AnonHugePages:   2050048 kB
CmaTotal:              0 kB
CmaFree:               0 kB
HugePages_Total:       0
HugePages_Free:        0
HugePages_Rsvd:        0
HugePages_Surp:        0
Hugepagesize:       2048 kB
DirectMap4k:      272684 kB
DirectMap2M:     8030208 kB
DirectMap1G:           0 kB


CPU:total 4 (2 cores per cpu, 2 threads per core) family 6 model 69 stepping 1, cmov, cx8, fxsr, mmx, sse, sse2, sse3, ssse3, sse4.1, sse4.2, popcnt, avx, avx2, aes, clmul, erms, lzcnt, ht, tsc, tscinvbit, bmi1, bmi2

/proc/cpuinfo:
processor	: 0
vendor_id	: GenuineIntel
cpu family	: 6
model		: 69
model name	: Intel(R) Core(TM) i5-4210U CPU @ 1.70GHz
stepping	: 1
microcode	: 0x1c
cpu MHz		: 2400.000
cache size	: 3072 KB
physical id	: 0
siblings	: 4
core id		: 0
cpu cores	: 2
apicid		: 0
initial apicid	: 0
fpu		: yes
fpu_exception	: yes
cpuid level	: 13
wp		: yes
flags		: fpu vme de pse tsc msr pae mce cx8 apic sep mtrr pge mca cmov pat pse36 clflush dts acpi mmx fxsr sse sse2 ss ht tm pbe syscall nx pdpe1gb rdtscp lm constant_tsc arch_perfmon pebs bts rep_good nopl xtopology nonstop_tsc aperfmperf eagerfpu pni pclmulqdq dtes64 monitor ds_cpl vmx est tm2 ssse3 sdbg fma cx16 xtpr pdcm pcid sse4_1 sse4_2 movbe popcnt tsc_deadline_timer aes xsave avx f16c rdrand lahf_lm abm epb tpr_shadow vnmi flexpriority ept vpid fsgsbase tsc_adjust bmi1 avx2 smep bmi2 erms invpcid xsaveopt dtherm ida arat pln pts
bugs		:
bogomips	: 4789.05
clflush size	: 64
cache_alignment	: 64
address sizes	: 39 bits physical, 48 bits virtual
power management:

processor	: 1
vendor_id	: GenuineIntel
cpu family	: 6
model		: 69
model name	: Intel(R) Core(TM) i5-4210U CPU @ 1.70GHz
stepping	: 1
microcode	: 0x1c
cpu MHz		: 2399.906
cache size	: 3072 KB
physical id	: 0
siblings	: 4
core id		: 1
cpu cores	: 2
apicid		: 2
initial apicid	: 2
fpu		: yes
fpu_exception	: yes
cpuid level	: 13
wp		: yes
flags		: fpu vme de pse tsc msr pae mce cx8 apic sep mtrr pge mca cmov pat pse36 clflush dts acpi mmx fxsr sse sse2 ss ht tm pbe syscall nx pdpe1gb rdtscp lm constant_tsc arch_perfmon pebs bts rep_good nopl xtopology nonstop_tsc aperfmperf eagerfpu pni pclmulqdq dtes64 monitor ds_cpl vmx est tm2 ssse3 sdbg fma cx16 xtpr pdcm pcid sse4_1 sse4_2 movbe popcnt tsc_deadline_timer aes xsave avx f16c rdrand lahf_lm abm epb tpr_shadow vnmi flexpriority ept vpid fsgsbase tsc_adjust bmi1 avx2 smep bmi2 erms invpcid xsaveopt dtherm ida arat pln pts
bugs		:
bogomips	: 4789.05
clflush size	: 64
cache_alignment	: 64
address sizes	: 39 bits physical, 48 bits virtual
power management:

processor	: 2
vendor_id	: GenuineIntel
cpu family	: 6
model		: 69
model name	: Intel(R) Core(TM) i5-4210U CPU @ 1.70GHz
stepping	: 1
microcode	: 0x1c
cpu MHz		: 2399.906
cache size	: 3072 KB
physical id	: 0
siblings	: 4
core id		: 0
cpu cores	: 2
apicid		: 1
initial apicid	: 1
fpu		: yes
fpu_exception	: yes
cpuid level	: 13
wp		: yes
flags		: fpu vme de pse tsc msr pae mce cx8 apic sep mtrr pge mca cmov pat pse36 clflush dts acpi mmx fxsr sse sse2 ss ht tm pbe syscall nx pdpe1gb rdtscp lm constant_tsc arch_perfmon pebs bts rep_good nopl xtopology nonstop_tsc aperfmperf eagerfpu pni pclmulqdq dtes64 monitor ds_cpl vmx est tm2 ssse3 sdbg fma cx16 xtpr pdcm pcid sse4_1 sse4_2 movbe popcnt tsc_deadline_timer aes xsave avx f16c rdrand lahf_lm abm epb tpr_shadow vnmi flexpriority ept vpid fsgsbase tsc_adjust bmi1 avx2 smep bmi2 erms invpcid xsaveopt dtherm ida arat pln pts
bugs		:
bogomips	: 4789.05
clflush size	: 64
cache_alignment	: 64
address sizes	: 39 bits physical, 48 bits virtual
power management:

processor	: 3
vendor_id	: GenuineIntel
cpu family	: 6
model		: 69
model name	: Intel(R) Core(TM) i5-4210U CPU @ 1.70GHz
stepping	: 1
microcode	: 0x1c
cpu MHz		: 2399.906
cache size	: 3072 KB
physical id	: 0
siblings	: 4
core id		: 1
cpu cores	: 2
apicid		: 3
initial apicid	: 3
fpu		: yes
fpu_exception	: yes
cpuid level	: 13
wp		: yes
flags		: fpu vme de pse tsc msr pae mce cx8 apic sep mtrr pge mca cmov pat pse36 clflush dts acpi mmx fxsr sse sse2 ss ht tm pbe syscall nx pdpe1gb rdtscp lm constant_tsc arch_perfmon pebs bts rep_good nopl xtopology nonstop_tsc aperfmperf eagerfpu pni pclmulqdq dtes64 monitor ds_cpl vmx est tm2 ssse3 sdbg fma cx16 xtpr pdcm pcid sse4_1 sse4_2 movbe popcnt tsc_deadline_timer aes xsave avx f16c rdrand lahf_lm abm epb tpr_shadow vnmi flexpriority ept vpid fsgsbase tsc_adjust bmi1 avx2 smep bmi2 erms invpcid xsaveopt dtherm ida arat pln pts
bugs		:
bogomips	: 4789.05
clflush size	: 64
cache_alignment	: 64
address sizes	: 39 bits physical, 48 bits virtual
power management:



Memory: 4k page, physical 8089452k(1164576k free), swap 8302588k(8302588k free)

vm_info: Java HotSpot(TM) 64-Bit Server VM (25.111-b14) for linux-amd64 JRE (1.8.0_111-b14), built on Sep 22 2016 16:14:03 by "java_re" with gcc 4.3.0 20080428 (Red Hat 4.3.0-8)

time: Sat Nov 19 17:42:02 2016
elapsed time: 0 seconds (0d 0h 0m 0s)

